<?xml version="1.0" encoding="UTF-8"?>
<!-- Generated by org.testng.reporters.JUnitReportReporter -->
<testsuite hostname="01HW1842040" failures="0" tests="1" name="dummy.Dummy" time="0.001" errors="0" timestamp="2023-10-21T11:55:56 IST" skipped="0">
  <testcase classname="dummy.Dummy" name="verifyNavBar" time="0.001"/>
  <system-out/>
</testsuite> <!-- dummy.Dummy -->
