<?xml version="1.0" encoding="UTF-8"?>
<!-- Generated by org.testng.reporters.JUnitReportReporter -->
<testsuite hostname="01HW1842040" failures="0" tests="3" name="com.caw.testCases.HomePageVerify" time="1.080" errors="0" timestamp="2023-10-21T17:11:00 IST" skipped="0">
  <testcase classname="com.caw.testCases.HomePageVerify" name="verifyHomePage" time="0.181"/>
  <system-out/>
  <testcase classname="com.caw.testCases.HomePageVerify" name="insertDataIntoTextBox" time="0.622"/>
  <system-out/>
  <testcase classname="com.caw.testCases.HomePageVerify" name="isOutputMatches" time="0.277"/>
  <system-out/>
</testsuite> <!-- com.caw.testCases.HomePageVerify -->
