<?xml version="1.0" encoding="UTF-8"?>
<!-- Generated by org.testng.reporters.JUnitReportReporter -->
<testsuite hostname="01HW1842040" failures="0" tests="3" name="com.caw.testCases.HomePageVerify" time="0.997" errors="0" timestamp="2023-10-25T15:54:22 IST" skipped="0">
  <testcase classname="com.caw.testCases.HomePageVerify" name="verifyHomePage" time="0.185"/>
  <system-out/>
  <testcase classname="com.caw.testCases.HomePageVerify" name="insertDataIntoTextBox" time="0.529"/>
  <system-out/>
  <testcase classname="com.caw.testCases.HomePageVerify" name="isOutputMatches" time="0.283"/>
  <system-out/>
</testsuite> <!-- com.caw.testCases.HomePageVerify -->
